<?xml version="1.0" encoding="UTF-8"?>
<!-- Generated by org.testng.reporters.JUnitReportReporter -->
<testsuite hostname="HARSHITA" failures="0" tests="1" name="alertHandling.AlertHandling" time="2.145" errors="0" timestamp="28 Aug 2018 23:45:02 GMT">
  <testcase classname="alertHandling.AlertHandling" name="IFrameHandle" time="2.145"/>
</testsuite> <!-- alertHandling.AlertHandling -->
